number,value,datetime_start,datetime_complete,duration,params_learning_rate,params_max_depth,params_min_child_samples,params_num_leaves,state
0,22299.475148405076,2025-03-17 12:57:35.541528,2025-03-17 12:57:44.140135,0 days 00:00:08.598607,0.01067349625318989,4,28,44,COMPLETE
1,22362.346630706572,2025-03-17 12:57:44.140360,2025-03-17 12:57:50.106721,0 days 00:00:05.966361,0.05434664268077248,3,30,90,COMPLETE
2,22685.296645718394,2025-03-17 12:57:50.106903,2025-03-17 12:58:15.540614,0 days 00:00:25.433711,0.01943475139832935,15,33,26,COMPLETE
3,25215.631568471348,2025-03-17 12:58:15.540800,2025-03-17 12:58:51.578253,0 days 00:00:36.037453,0.2810356083769017,15,24,93,COMPLETE
4,24267.819922812185,2025-03-17 12:58:51.578436,2025-03-17 12:59:00.911461,0 days 00:00:09.333025,0.2327256780324671,4,11,98,COMPLETE
5,23427.71350890362,2025-03-17 12:59:00.911643,2025-03-17 12:59:22.196283,0 days 00:00:21.284640,0.07106187461711196,11,37,47,COMPLETE
6,22302.989041169323,2025-03-17 12:59:22.196477,2025-03-17 12:59:58.949793,0 days 00:00:36.753316,0.015915108896551688,12,11,74,COMPLETE
7,24612.936834630655,2025-03-17 12:59:58.949980,2025-03-17 13:00:27.553544,0 days 00:00:28.603564,0.16275543529907255,14,38,59,COMPLETE
8,23687.67378677783,2025-03-17 13:00:27.553733,2025-03-17 13:00:58.208106,0 days 00:00:30.654373,0.06392099347458619,15,28,49,COMPLETE
9,22277.271312796172,2025-03-17 13:00:58.208290,2025-03-17 13:01:18.632428,0 days 00:00:20.424138,0.024099486232767458,12,37,21,COMPLETE
10,21296.249794153333,2025-03-17 13:01:18.632620,2025-03-17 13:01:32.614634,0 days 00:00:13.982014,0.03239009567752755,8,50,20,COMPLETE
11,21339.506701299622,2025-03-17 13:01:32.614830,2025-03-17 13:01:44.582994,0 days 00:00:11.968164,0.031239484847041817,7,50,20,COMPLETE
12,21331.250249481825,2025-03-17 13:01:44.583183,2025-03-17 13:01:57.050898,0 days 00:00:12.467715,0.03603820570705903,7,50,32,COMPLETE
13,21294.185599441425,2025-03-17 13:01:57.051092,2025-03-17 13:02:09.438016,0 days 00:00:12.386924,0.037814287031763684,7,50,34,COMPLETE
14,22383.01979553807,2025-03-17 13:02:09.438200,2025-03-17 13:02:23.396134,0 days 00:00:13.957934,0.09727471694756243,8,44,35,COMPLETE
15,21424.874372799582,2025-03-17 13:02:23.396324,2025-03-17 13:02:40.341075,0 days 00:00:16.944751,0.040512854578502094,9,44,34,COMPLETE
16,22374.955638415533,2025-03-17 13:02:40.341260,2025-03-17 13:02:49.271438,0 days 00:00:08.930178,0.09302815095189575,5,44,67,COMPLETE
17,21429.113640254334,2025-03-17 13:02:49.271627,2025-03-17 13:03:04.019195,0 days 00:00:14.747568,0.013023060923902461,6,20,38,COMPLETE
18,21401.98379339155,2025-03-17 13:03:04.019390,2025-03-17 13:03:24.745370,0 days 00:00:20.725980,0.025177451394323338,10,48,54,COMPLETE
19,21822.64735313756,2025-03-17 13:03:24.745553,2025-03-17 13:03:40.787376,0 days 00:00:16.041823,0.04446399121000619,9,42,27,COMPLETE
20,22659.774609121658,2025-03-17 13:03:40.787576,2025-03-17 13:03:52.875537,0 days 00:00:12.087961,0.10598875873034501,6,17,75,COMPLETE
21,21315.537873953268,2025-03-17 13:03:52.875727,2025-03-17 13:04:05.754348,0 days 00:00:12.878621,0.03438882676646812,7,50,29,COMPLETE
22,21366.768281737866,2025-03-17 13:04:05.754535,2025-03-17 13:04:21.412406,0 days 00:00:15.657871,0.028971727644347432,8,48,41,COMPLETE
23,21982.32690139994,2025-03-17 13:04:21.412621,2025-03-17 13:04:34.899007,0 days 00:00:13.486386,0.019118289351133622,7,40,26,COMPLETE
24,21255.91329306489,2025-03-17 13:04:34.899194,2025-03-17 13:04:49.024443,0 days 00:00:14.125249,0.04614499118576292,8,46,28,COMPLETE
25,21237.01075372352,2025-03-17 13:04:49.024643,2025-03-17 13:05:06.134153,0 days 00:00:17.109510,0.046382089952528086,10,46,21,COMPLETE
26,21323.0888491164,2025-03-17 13:05:06.134346,2025-03-17 13:05:24.676874,0 days 00:00:18.542528,0.04976366634398272,10,46,40,COMPLETE
27,22484.042556910037,2025-03-17 13:05:24.677071,2025-03-17 13:05:43.560241,0 days 00:00:18.883170,0.0690135312605304,10,41,53,COMPLETE
28,25112.49064808087,2025-03-17 13:05:43.560440,2025-03-17 13:06:06.568033,0 days 00:00:23.007593,0.12558644326187618,12,34,31,COMPLETE
29,21841.785366278113,2025-03-17 13:06:06.568238,2025-03-17 13:06:15.440511,0 days 00:00:08.872273,0.07552606514126939,5,46,44,COMPLETE
30,21395.59822456305,2025-03-17 13:06:15.440690,2025-03-17 13:06:35.633387,0 days 00:00:20.192697,0.05399031643482445,11,46,25,COMPLETE
31,21098.480077061686,2025-03-17 13:06:35.633566,2025-03-17 13:06:49.301292,0 days 00:00:13.667726,0.040866510490953425,8,47,21,COMPLETE
32,21853.007134408123,2025-03-17 13:06:49.301493,2025-03-17 13:07:05.924912,0 days 00:00:16.623419,0.04273150169586571,9,42,24,COMPLETE
33,21223.575948744576,2025-03-17 13:07:05.925209,2025-03-17 13:07:21.191796,0 days 00:00:15.266587,0.057699537252513866,8,47,32,COMPLETE
34,23535.020864017795,2025-03-17 13:07:21.191989,2025-03-17 13:07:36.535325,0 days 00:00:15.343336,0.05890760101348048,8,34,28,COMPLETE
35,21239.887718286864,2025-03-17 13:07:36.535513,2025-03-17 13:07:59.194219,0 days 00:00:22.658706,0.051238093152818034,11,47,37,COMPLETE
36,23322.98368328991,2025-03-17 13:07:59.194405,2025-03-17 13:08:25.924961,0 days 00:00:26.730556,0.08898459830139657,13,39,37,COMPLETE
37,24201.223594135306,2025-03-17 13:08:25.925169,2025-03-17 13:08:48.452376,0 days 00:00:22.527207,0.13723429322409048,11,32,44,COMPLETE
38,21682.209085086033,2025-03-17 13:08:48.452705,2025-03-17 13:09:17.915033,0 days 00:00:29.462328,0.010080557765490774,10,44,81,COMPLETE
39,23738.50822908451,2025-03-17 13:09:17.915224,2025-03-17 13:09:34.488668,0 days 00:00:16.573444,0.0764528542323974,9,29,24,COMPLETE
40,22071.604293988254,2025-03-17 13:09:34.488866,2025-03-17 13:10:01.267502,0 days 00:00:26.778636,0.05566071140807112,13,23,50,COMPLETE
41,21287.088966033858,2025-03-17 13:10:01.267697,2025-03-17 13:10:07.112200,0 days 00:00:05.844503,0.04703158918759898,3,47,31,COMPLETE
42,22462.897287486754,2025-03-17 13:10:07.112386,2025-03-17 13:10:23.527714,0 days 00:00:16.415328,0.02725664012310744,9,36,21,COMPLETE
43,21652.500519809848,2025-03-17 13:10:23.527918,2025-03-17 13:10:44.658017,0 days 00:00:21.130099,0.021924056351061972,11,43,24,COMPLETE
44,21319.979175351524,2025-03-17 13:10:44.658222,2025-03-17 13:10:59.279044,0 days 00:00:14.620822,0.06264081005712781,8,47,31,COMPLETE
45,21436.802324243694,2025-03-17 13:10:59.279311,2025-03-17 13:11:11.500871,0 days 00:00:12.221560,0.05108798071234119,6,48,20,COMPLETE
46,21439.40793704969,2025-03-17 13:11:11.501067,2025-03-17 13:11:30.309397,0 days 00:00:18.808330,0.0417161033802257,10,45,43,COMPLETE
47,23230.589883086846,2025-03-17 13:11:30.309581,2025-03-17 13:11:52.566580,0 days 00:00:22.256999,0.08301994360606077,11,40,60,COMPLETE
48,21299.448027356084,2025-03-17 13:11:52.566767,2025-03-17 13:12:18.738336,0 days 00:00:26.171569,0.03630211284873459,13,48,36,COMPLETE
49,23170.09358148015,2025-03-17 13:12:18.738542,2025-03-17 13:12:34.816717,0 days 00:00:16.078175,0.06610310364461996,9,37,28,COMPLETE
