number,value,datetime_start,datetime_complete,duration,params_learning_rate,params_max_depth,params_min_child_samples,params_n_estimators,params_num_leaves,state
0,15316.699375400585,2025-03-17 10:56:19.865129,2025-03-17 10:56:20.829069,0 days 00:00:00.963940,0.019394018094183788,4,45,400,65,COMPLETE
1,16733.58324033291,2025-03-17 10:56:20.829539,2025-03-17 10:56:21.887904,0 days 00:00:01.058365,0.18028157198434852,5,25,500,56,COMPLETE
2,14976.791890312357,2025-03-17 10:56:21.888349,2025-03-17 10:56:27.195518,0 days 00:00:05.307169,0.011255342529256356,13,45,700,92,COMPLETE
3,15160.020047024813,2025-03-17 10:56:27.196109,2025-03-17 10:56:28.669015,0 days 00:00:01.472906,0.034991730782804195,8,48,400,55,COMPLETE
4,18692.16948598438,2025-03-17 10:56:28.669534,2025-03-17 10:56:31.254246,0 days 00:00:02.584712,0.12247446048416932,12,14,400,78,COMPLETE
5,14927.028047294647,2025-03-17 10:56:31.254756,2025-03-17 10:56:32.657702,0 days 00:00:01.402946,0.0562930544109996,10,48,300,57,COMPLETE
6,54212.70426374869,2025-03-17 10:56:32.658101,2025-03-17 10:56:32.692233,0 days 00:00:00.034132,0.020020906411942777,15,27,1000,33,PRUNED
7,15207.43651704349,2025-03-17 10:56:32.692369,2025-03-17 10:56:34.894979,0 days 00:00:02.202610,0.1268246270412419,11,44,600,67,PRUNED
8,54608.3081822177,2025-03-17 10:56:34.895290,2025-03-17 10:56:34.925912,0 days 00:00:00.030622,0.012342031637475503,4,50,500,36,PRUNED
9,16325.243230134332,2025-03-17 10:56:34.926037,2025-03-17 10:56:37.611889,0 days 00:00:02.685852,0.060496769998262596,12,25,700,49,PRUNED
10,15657.058246452525,2025-03-17 10:56:37.612176,2025-03-17 10:56:38.196849,0 days 00:00:00.584673,0.06536871654213304,8,37,100,99,COMPLETE
11,53365.01800216597,2025-03-17 10:56:38.197141,2025-03-17 10:56:38.240230,0 days 00:00:00.043089,0.03719708705162827,15,36,100,92,PRUNED
12,54695.50462514085,2025-03-17 10:56:38.240359,2025-03-17 10:56:38.285404,0 days 00:00:00.045045,0.010316542929054573,10,38,800,81,PRUNED
13,15247.318221401914,2025-03-17 10:56:38.285538,2025-03-17 10:56:40.408860,0 days 00:00:02.123322,0.08537890474997296,13,41,900,20,PRUNED
14,53677.401124374635,2025-03-17 10:56:40.409143,2025-03-17 10:56:40.451958,0 days 00:00:00.042815,0.031075807596171137,7,32,300,78,PRUNED
15,18723.73931849441,2025-03-17 10:56:40.452086,2025-03-17 10:56:41.595186,0 days 00:00:01.143100,0.27009322388667145,13,18,200,43,PRUNED
16,54179.17936499805,2025-03-17 10:56:41.595362,2025-03-17 10:56:41.638757,0 days 00:00:00.043395,0.02074949094285743,10,50,700,87,PRUNED
17,15553.484794117394,2025-03-17 10:56:41.638889,2025-03-17 10:56:42.306734,0 days 00:00:00.667845,0.09084439266013686,6,43,600,69,PRUNED
18,53086.47669867139,2025-03-17 10:56:42.306943,2025-03-17 10:56:42.354147,0 days 00:00:00.047204,0.04294596499235696,14,31,300,97,PRUNED
19,54459.176438313916,2025-03-17 10:56:42.354273,2025-03-17 10:56:42.398419,0 days 00:00:00.044146,0.01508304513315766,9,46,800,73,PRUNED
20,53847.62098637623,2025-03-17 10:56:42.398544,2025-03-17 10:56:42.443241,0 days 00:00:00.044697,0.027409096502905263,11,41,200,60,PRUNED
21,52966.92437389988,2025-03-17 10:56:42.443371,2025-03-17 10:56:42.487076,0 days 00:00:00.043705,0.045178244144399485,9,48,400,51,PRUNED
22,53716.17497324971,2025-03-17 10:56:42.487200,2025-03-17 10:56:42.531093,0 days 00:00:00.043893,0.030114980603403792,7,47,300,59,PRUNED
23,52601.14841705445,2025-03-17 10:56:42.531219,2025-03-17 10:56:42.577205,0 days 00:00:00.045986,0.0526378832075179,8,40,500,44,PRUNED
24,53948.39605859391,2025-03-17 10:56:42.577392,2025-03-17 10:56:42.622366,0 days 00:00:00.044974,0.02492058620736709,11,34,700,54,PRUNED
25,15341.827940718089,2025-03-17 10:56:42.622500,2025-03-17 10:56:43.614635,0 days 00:00:00.992135,0.07837670670430795,10,50,200,62,COMPLETE
26,54479.860761788615,2025-03-17 10:56:43.614956,2025-03-17 10:56:43.656784,0 days 00:00:00.041828,0.014671556817086089,8,43,400,33,PRUNED
27,53365.440564257784,2025-03-17 10:56:43.656905,2025-03-17 10:56:43.700963,0 days 00:00:00.044058,0.0371161366640485,13,47,600,72,PRUNED
28,15589.068404345462,2025-03-17 10:56:43.701098,2025-03-17 10:56:44.349407,0 days 00:00:00.648309,0.1073082748010028,3,39,800,45,PRUNED
29,54391.23154764778,2025-03-17 10:56:44.349680,2025-03-17 10:56:44.391934,0 days 00:00:00.042254,0.01652512168600151,6,45,300,85,PRUNED
30,17960.003999488643,2025-03-17 10:56:44.392073,2025-03-17 10:56:46.251798,0 days 00:00:01.859725,0.17367448179258302,14,19,500,65,PRUNED
31,54707.88073792176,2025-03-17 10:56:46.252010,2025-03-17 10:56:46.293011,0 days 00:00:00.041001,0.010188112862810487,5,43,400,54,PRUNED
32,54237.44911126372,2025-03-17 10:56:46.293139,2025-03-17 10:56:46.332440,0 days 00:00:00.039301,0.02090403502579402,3,47,500,38,PRUNED
33,54429.55529738222,2025-03-17 10:56:46.332566,2025-03-17 10:56:46.375409,0 days 00:00:00.042843,0.016767757007435543,5,12,400,58,PRUNED
34,54094.885639061155,2025-03-17 10:56:46.375533,2025-03-17 10:56:46.418149,0 days 00:00:00.042616,0.02246043936318521,12,45,400,27,PRUNED
35,54614.30616291797,2025-03-17 10:56:46.418279,2025-03-17 10:56:46.458681,0 days 00:00:00.040402,0.01211614489106457,4,28,300,64,PRUNED
36,54289.057217035835,2025-03-17 10:56:46.458811,2025-03-17 10:56:46.504680,0 days 00:00:00.045869,0.01852267118496834,9,49,1000,49,PRUNED
37,54559.43856872461,2025-03-17 10:56:46.504840,2025-03-17 10:56:46.548020,0 days 00:00:00.043180,0.013108479240386817,7,41,600,76,PRUNED
38,53485.170455939995,2025-03-17 10:56:46.548158,2025-03-17 10:56:46.590620,0 days 00:00:00.042462,0.0354550039743643,4,44,500,69,PRUNED
39,52653.97043493231,2025-03-17 10:56:46.590742,2025-03-17 10:56:46.633965,0 days 00:00:00.043223,0.051830413250533905,6,35,200,89,PRUNED
40,17001.158959483466,2025-03-17 10:56:46.634098,2025-03-17 10:56:47.848668,0 days 00:00:01.214570,0.06334156632123339,11,22,700,82,PRUNED
41,15265.495474716558,2025-03-17 10:56:47.848840,2025-03-17 10:56:48.829625,0 days 00:00:00.980785,0.07881708281652129,10,50,200,61,COMPLETE
42,14968.056611581635,2025-03-17 10:56:48.829958,2025-03-17 10:56:49.902817,0 days 00:00:01.072859,0.1104077897735003,12,48,200,57,COMPLETE
43,14916.068625268203,2025-03-17 10:56:49.903137,2025-03-17 10:56:50.569765,0 days 00:00:00.666628,0.12919265934458252,12,48,100,56,COMPLETE
44,14955.284767845564,2025-03-17 10:56:50.570005,2025-03-17 10:56:51.191300,0 days 00:00:00.621295,0.15008153045088754,12,48,100,56,COMPLETE
45,15351.948796395316,2025-03-17 10:56:51.191550,2025-03-17 10:56:51.794231,0 days 00:00:00.602681,0.15974477290719827,12,46,100,51,COMPLETE
46,15070.130696604547,2025-03-17 10:56:51.794525,2025-03-17 10:56:52.438140,0 days 00:00:00.643615,0.26218260928610193,14,48,100,57,COMPLETE
47,15418.639627485267,2025-03-17 10:56:52.438388,2025-03-17 10:56:53.060509,0 days 00:00:00.622121,0.12668495732666593,12,42,100,47,COMPLETE
48,15553.18842337931,2025-03-17 10:56:53.060749,2025-03-17 10:56:53.446304,0 days 00:00:00.385555,0.21724730614003512,13,45,100,53,PRUNED
49,14734.875884866524,2025-03-17 10:56:53.446449,2025-03-17 10:56:54.696958,0 days 00:00:01.250509,0.14922981420528547,15,48,200,41,COMPLETE
50,50282.91163598472,2025-03-17 10:56:54.697251,2025-03-17 10:56:54.739863,0 days 00:00:00.042612,0.09978679276627711,14,49,200,42,PRUNED
51,15048.987724110919,2025-03-17 10:56:54.739992,2025-03-17 10:56:55.988231,0 days 00:00:01.248239,0.13960514433032475,15,48,200,40,COMPLETE
52,15233.892131990056,2025-03-17 10:56:55.988673,2025-03-17 10:56:56.649974,0 days 00:00:00.661301,0.14852568953446368,15,46,100,29,COMPLETE
53,14965.626088512863,2025-03-17 10:56:56.650253,2025-03-17 10:56:57.911492,0 days 00:00:01.261239,0.19984089082744408,13,50,200,57,COMPLETE
54,15867.73866417648,2025-03-17 10:56:57.911814,2025-03-17 10:56:58.121820,0 days 00:00:00.210006,0.21007461339226757,11,50,200,57,PRUNED
55,14801.71158244242,2025-03-17 10:56:58.121981,2025-03-17 10:56:59.791502,0 days 00:00:01.669521,0.20725627687558693,12,48,300,66,COMPLETE
56,15373.916284413783,2025-03-17 10:56:59.791853,2025-03-17 10:57:01.695785,0 days 00:00:01.903932,0.2067508393607012,13,44,300,66,COMPLETE
57,16016.526135769669,2025-03-17 10:57:01.696114,2025-03-17 10:57:01.892544,0 days 00:00:00.196430,0.29678279781057043,12,38,100,48,PRUNED
58,14883.153837325424,2025-03-17 10:57:01.892684,2025-03-17 10:57:03.932519,0 days 00:00:02.039835,0.2355044255569017,14,46,300,63,COMPLETE
59,14968.767740792746,2025-03-17 10:57:03.932891,2025-03-17 10:57:06.002109,0 days 00:00:02.069218,0.24460427755277045,15,46,300,70,COMPLETE
60,15344.79677405627,2025-03-17 10:57:06.002461,2025-03-17 10:57:07.176718,0 days 00:00:01.174257,0.17057331722995778,14,42,300,62,PRUNED
61,14807.6926129864,2025-03-17 10:57:07.176907,2025-03-17 10:57:07.811178,0 days 00:00:00.634271,0.19642139407335416,13,49,100,63,COMPLETE
62,15069.500444239791,2025-03-17 10:57:07.811454,2025-03-17 10:57:08.550228,0 days 00:00:00.738774,0.23769472366866948,14,47,100,63,COMPLETE
63,48330.563221628494,2025-03-17 10:57:08.550516,2025-03-17 10:57:08.594747,0 days 00:00:00.044231,0.13986247394020956,11,49,100,68,PRUNED
64,15613.582888115592,2025-03-17 10:57:08.594876,2025-03-17 10:57:08.816330,0 days 00:00:00.221454,0.18679993459125402,15,48,100,51,PRUNED
65,15537.138200576626,2025-03-17 10:57:08.816471,2025-03-17 10:57:09.082482,0 days 00:00:00.266011,0.1531811911717107,13,44,200,60,PRUNED
66,15181.336237654961,2025-03-17 10:57:09.082615,2025-03-17 10:57:10.937310,0 days 00:00:01.854695,0.2999994933933581,13,46,300,74,COMPLETE
67,49485.60195398302,2025-03-17 10:57:10.937636,2025-03-17 10:57:10.981511,0 days 00:00:00.043875,0.11611128702814226,12,49,200,65,PRUNED
68,14903.8182852113,2025-03-17 10:57:10.981639,2025-03-17 10:57:11.520590,0 days 00:00:00.538951,0.2287648984065527,10,47,100,71,COMPLETE
69,15066.435825634506,2025-03-17 10:57:11.520883,2025-03-17 10:57:12.912456,0 days 00:00:01.391573,0.23639264666019968,10,45,300,71,COMPLETE
70,15953.990813199423,2025-03-17 10:57:12.912790,2025-03-17 10:57:13.717871,0 days 00:00:00.805081,0.18383404712781448,9,40,200,77,PRUNED
71,48703.55258632197,2025-03-17 10:57:13.718082,2025-03-17 10:57:13.767919,0 days 00:00:00.049837,0.1320713469799753,11,48,100,66,PRUNED
72,15519.104317841382,2025-03-17 10:57:13.768052,2025-03-17 10:57:13.977967,0 days 00:00:00.209915,0.16489080800376255,10,47,100,54,PRUNED
73,15204.27086464499,2025-03-17 10:57:13.978109,2025-03-17 10:57:14.728214,0 days 00:00:00.750105,0.1926420441762431,14,43,100,74,COMPLETE
74,15675.233047618118,2025-03-17 10:57:14.728479,2025-03-17 10:57:14.913221,0 days 00:00:00.184742,0.22512470707434365,12,50,200,60,PRUNED
75,15409.800840014686,2025-03-17 10:57:14.913364,2025-03-17 10:57:15.544135,0 days 00:00:00.630771,0.2665444299057127,13,46,100,80,COMPLETE
76,50433.59304890182,2025-03-17 10:57:15.544441,2025-03-17 10:57:15.588602,0 days 00:00:00.044161,0.0970791861670317,14,47,300,21,PRUNED
77,15913.146276593316,2025-03-17 10:57:15.588733,2025-03-17 10:57:15.751572,0 days 00:00:00.162839,0.1758784782137428,9,49,200,68,PRUNED
78,15824.715531442334,2025-03-17 10:57:15.751758,2025-03-17 10:57:17.688027,0 days 00:00:01.936269,0.25839510515006386,11,44,400,52,COMPLETE
79,47915.54814155168,2025-03-17 10:57:17.688395,2025-03-17 10:57:17.733521,0 days 00:00:00.045126,0.14842680958265475,10,42,200,63,PRUNED
80,51555.27727370142,2025-03-17 10:57:17.733648,2025-03-17 10:57:17.781818,0 days 00:00:00.048170,0.0741374957846768,15,32,100,59,PRUNED
81,14955.093739409129,2025-03-17 10:57:17.781944,2025-03-17 10:57:18.980457,0 days 00:00:01.198513,0.19921078082734958,13,50,200,55,COMPLETE
82,14887.055155763772,2025-03-17 10:57:18.980772,2025-03-17 10:57:20.724044,0 days 00:00:01.743272,0.198329318638581,13,49,300,62,COMPLETE
83,15620.281564076962,2025-03-17 10:57:20.724386,2025-03-17 10:57:20.907529,0 days 00:00:00.183143,0.22160049103136337,13,49,400,64,PRUNED
84,14902.161762739115,2025-03-17 10:57:20.907676,2025-03-17 10:57:22.805508,0 days 00:00:01.897832,0.18993437001267668,14,50,300,46,COMPLETE
85,52998.3215440908,2025-03-17 10:57:22.805849,2025-03-17 10:57:22.850978,0 days 00:00:00.045129,0.0445605611895891,14,45,300,36,PRUNED
86,46577.06460813951,2025-03-17 10:57:22.851125,2025-03-17 10:57:22.900783,0 days 00:00:00.049658,0.17596770201372344,14,47,300,46,PRUNED
87,15326.305415063422,2025-03-17 10:57:22.900908,2025-03-17 10:57:24.938163,0 days 00:00:02.037255,0.27289894890011246,15,49,300,41,COMPLETE
88,17317.771485054855,2025-03-17 10:57:24.938506,2025-03-17 10:57:25.068777,0 days 00:00:00.130271,0.22706501523739003,14,10,400,44,PRUNED
89,47230.57118754127,2025-03-17 10:57:25.068918,2025-03-17 10:57:25.116184,0 days 00:00:00.047266,0.16241481836544025,12,47,400,67,PRUNED
90,15490.290666415178,2025-03-17 10:57:25.116311,2025-03-17 10:57:25.393824,0 days 00:00:00.277513,0.19197661037391997,15,26,300,72,PRUNED
91,18462.1883112553,2025-03-17 10:57:25.393960,2025-03-17 10:57:25.501043,0 days 00:00:00.107083,0.1944054431773423,13,50,200,55,PRUNED
92,14940.780340605605,2025-03-17 10:57:25.501186,2025-03-17 10:57:27.105213,0 days 00:00:01.604027,0.20742912343790096,13,48,300,61,COMPLETE
93,15706.483339284128,2025-03-17 10:57:27.105562,2025-03-17 10:57:27.251800,0 days 00:00:00.146238,0.2453949585759237,13,48,900,62,PRUNED
94,49391.3138350201,2025-03-17 10:57:27.251938,2025-03-17 10:57:27.297330,0 days 00:00:00.045392,0.11793301677999812,14,46,400,59,PRUNED
95,15987.451345437725,2025-03-17 10:57:27.297475,2025-03-17 10:57:27.419349,0 days 00:00:00.121874,0.21345041471950907,13,49,300,37,PRUNED
96,15098.019320553003,2025-03-17 10:57:27.419496,2025-03-17 10:57:28.982759,0 days 00:00:01.563263,0.28070377547184855,12,46,300,50,COMPLETE
97,48453.0976543712,2025-03-17 10:57:28.983145,2025-03-17 10:57:29.030181,0 days 00:00:00.047036,0.13722460185631763,14,48,300,69,PRUNED
98,15878.994873438205,2025-03-17 10:57:29.030327,2025-03-17 10:57:29.218562,0 days 00:00:00.188235,0.24967431117678193,8,29,200,61,PRUNED
99,15701.900145434929,2025-03-17 10:57:29.218704,2025-03-17 10:57:29.396107,0 days 00:00:00.177403,0.20937105266333295,11,45,400,66,PRUNED
