number,value,datetime_start,datetime_complete,duration,params_learning_rate,params_max_depth,params_min_child_samples,params_n_estimators,params_num_leaves,state
0,17561.895750526965,2025-03-17 11:17:00.070554,2025-03-17 11:17:01.061937,0 days 00:00:00.991383,0.2902930119360957,14,19,100,99,COMPLETE
1,16700.271432199017,2025-03-17 11:17:01.062198,2025-03-17 11:17:04.331471,0 days 00:00:03.269273,0.24926626197353582,15,37,500,67,COMPLETE
2,16088.369786727197,2025-03-17 11:17:04.331931,2025-03-17 11:17:05.730900,0 days 00:00:01.398969,0.015438336099071342,7,16,200,44,COMPLETE
3,15311.506783250432,2025-03-17 11:17:05.731188,2025-03-17 11:17:07.958056,0 days 00:00:02.226868,0.018034547186098277,8,41,500,97,COMPLETE
4,16725.4888139102,2025-03-17 11:17:07.958506,2025-03-17 11:17:11.522661,0 days 00:00:03.564155,0.018833376820204976,12,11,800,22,COMPLETE
5,54585.52594351774,2025-03-17 11:17:11.523216,2025-03-17 11:17:11.559000,0 days 00:00:00.035784,0.013078375395015848,7,14,1000,54,PRUNED
6,16228.89223316654,2025-03-17 11:17:11.559136,2025-03-17 11:17:12.079485,0 days 00:00:00.520349,0.18295388583946048,6,30,200,74,COMPLETE
7,53171.010709472386,2025-03-17 11:17:12.079871,2025-03-17 11:17:12.112007,0 days 00:00:00.032136,0.04106033939035691,13,44,700,58,PRUNED
8,15933.914548618457,2025-03-17 11:17:12.112123,2025-03-17 11:17:13.244136,0 days 00:00:01.132013,0.21364097261285278,6,42,500,50,COMPLETE
9,53443.53152975636,2025-03-17 11:17:13.244645,2025-03-17 11:17:13.281210,0 days 00:00:00.036565,0.03742546620851246,10,13,900,54,PRUNED
10,51024.152713012736,2025-03-17 11:17:13.281339,2025-03-17 11:17:13.319385,0 days 00:00:00.038046,0.09074099389261228,3,50,400,100,PRUNED
11,50478.6203059952,2025-03-17 11:17:13.319516,2025-03-17 11:17:13.358205,0 days 00:00:00.038689,0.09753987760488958,4,35,600,79,PRUNED
12,54001.827155458726,2025-03-17 11:17:13.358335,2025-03-17 11:17:13.401096,0 days 00:00:00.042761,0.024291852098393338,9,43,400,39,PRUNED
13,51141.02030451412,2025-03-17 11:17:13.401219,2025-03-17 11:17:13.447380,0 days 00:00:00.046161,0.08190064249287547,9,27,400,86,PRUNED
14,54689.27880654451,2025-03-17 11:17:13.447557,2025-03-17 11:17:13.488236,0 days 00:00:00.040679,0.010571018084218566,5,42,600,33,PRUNED
15,48108.78110951223,2025-03-17 11:17:13.488369,2025-03-17 11:17:13.530953,0 days 00:00:00.042584,0.14443763561509546,8,49,500,85,PRUNED
16,53687.250191748826,2025-03-17 11:17:13.531074,2025-03-17 11:17:13.578092,0 days 00:00:00.047018,0.030601566553889462,11,37,300,66,PRUNED
17,51542.14224025164,2025-03-17 11:17:13.578234,2025-03-17 11:17:13.619140,0 days 00:00:00.040906,0.07522123411239309,5,24,800,47,PRUNED
18,52604.045546750116,2025-03-17 11:17:13.619262,2025-03-17 11:17:13.660964,0 days 00:00:00.041702,0.05313669965873466,7,32,700,24,PRUNED
19,48880.938001291324,2025-03-17 11:17:13.661092,2025-03-17 11:17:13.701225,0 days 00:00:00.040133,0.13808679544713906,3,40,300,91,PRUNED
20,52444.5170336756,2025-03-17 11:17:13.701346,2025-03-17 11:17:13.744966,0 days 00:00:00.043620,0.05574033648397826,9,46,700,66,PRUNED
21,54352.93620070006,2025-03-17 11:17:13.745135,2025-03-17 11:17:13.790492,0 days 00:00:00.045357,0.016819290626007264,7,22,100,44,PRUNED
22,54108.635854479544,2025-03-17 11:17:13.790621,2025-03-17 11:17:13.832610,0 days 00:00:00.041989,0.02165276290923733,6,18,300,33,PRUNED
23,54529.682281074754,2025-03-17 11:17:13.832731,2025-03-17 11:17:13.875903,0 days 00:00:00.043172,0.013740934103420364,8,32,200,43,PRUNED
24,53823.79979529381,2025-03-17 11:17:13.876026,2025-03-17 11:17:13.917512,0 days 00:00:00.041486,0.028206467064016666,5,39,500,50,PRUNED
25,54658.07990542551,2025-03-17 11:17:13.917644,2025-03-17 11:17:13.962864,0 days 00:00:00.045220,0.011084926772048278,8,46,200,33,PRUNED
26,54311.966216991954,2025-03-17 11:17:13.962992,2025-03-17 11:17:14.005211,0 days 00:00:00.042219,0.017818322401241916,6,34,600,39,PRUNED
27,52830.13564770827,2025-03-17 11:17:14.005344,2025-03-17 11:17:14.049654,0 days 00:00:00.044310,0.04799866831203494,10,40,400,73,PRUNED
28,53552.28002458159,2025-03-17 11:17:14.049782,2025-03-17 11:17:14.090346,0 days 00:00:00.040564,0.03438907671918959,4,26,300,60,PRUNED
29,54449.86347021346,2025-03-17 11:17:14.090490,2025-03-17 11:17:14.139943,0 days 00:00:00.049453,0.014876055640363067,7,19,100,60,PRUNED
30,15310.381913386209,2025-03-17 11:17:14.140073,2025-03-17 11:17:16.175107,0 days 00:00:02.035034,0.24510778033276262,10,47,500,51,COMPLETE
31,15442.780216141065,2025-03-17 11:17:16.175570,2025-03-17 11:17:18.556408,0 days 00:00:02.380838,0.2833892804466343,11,47,500,50,COMPLETE
32,15508.420977809368,2025-03-17 11:17:18.556897,2025-03-17 11:17:21.022006,0 days 00:00:02.465109,0.2662740706939388,11,47,500,55,COMPLETE
33,15495.333157586881,2025-03-17 11:17:21.022486,2025-03-17 11:17:23.666206,0 days 00:00:02.643720,0.2573365511345687,12,47,500,55,COMPLETE
34,16010.355764283266,2025-03-17 11:17:23.666694,2025-03-17 11:17:27.495835,0 days 00:00:03.829141,0.2967347286803211,14,48,600,70,COMPLETE
35,44730.813692153526,2025-03-17 11:17:27.496334,2025-03-17 11:17:27.539122,0 days 00:00:00.042788,0.21470873929492762,12,45,500,62,PRUNED
36,46971.27407428932,2025-03-17 11:17:27.539249,2025-03-17 11:17:27.582606,0 days 00:00:00.043357,0.1680970839233415,15,50,400,92,PRUNED
37,48918.517090505455,2025-03-17 11:17:27.582740,2025-03-17 11:17:27.650764,0 days 00:00:00.068024,0.1276800202596602,12,44,700,39,PRUNED
38,43836.41412029817,2025-03-17 11:17:27.650887,2025-03-17 11:17:27.693266,0 days 00:00:00.042379,0.23343613383488332,13,48,600,52,PRUNED
39,46129.058269718254,2025-03-17 11:17:27.693398,2025-03-17 11:17:27.739720,0 days 00:00:00.046322,0.18523704913067787,11,37,800,56,PRUNED
40,49852.909219508096,2025-03-17 11:17:27.739860,2025-03-17 11:17:27.786410,0 days 00:00:00.046550,0.10857589031407461,10,42,500,48,PRUNED
41,15445.526623801376,2025-03-17 11:17:27.786542,2025-03-17 11:17:30.089490,0 days 00:00:02.302948,0.29805691678484697,11,47,500,63,COMPLETE
42,28007.61459409274,2025-03-17 11:17:30.089976,2025-03-17 11:17:30.144602,0 days 00:00:00.054626,0.25230820387075376,10,45,400,63,PRUNED
43,15533.957417472893,2025-03-17 11:17:30.144739,2025-03-17 11:17:32.867063,0 days 00:00:02.722324,0.29667252447941084,13,50,500,80,COMPLETE
44,45821.330064568116,2025-03-17 11:17:32.867531,2025-03-17 11:17:32.911358,0 days 00:00:00.043827,0.19176437672396765,11,48,600,77,PRUNED
45,47278.76494081311,2025-03-17 11:17:32.911488,2025-03-17 11:17:32.956726,0 days 00:00:00.045238,0.16156563212198805,14,41,400,94,PRUNED
46,44314.22474941965,2025-03-17 11:17:32.956855,2025-03-17 11:17:33.003712,0 days 00:00:00.046857,0.2234207147532531,12,44,500,45,PRUNED
47,15880.401489313695,2025-03-17 11:17:33.003835,2025-03-17 11:17:36.520184,0 days 00:00:03.516349,0.25905051252825184,13,47,600,53,COMPLETE
48,51745.69851688127,2025-03-17 11:17:36.520696,2025-03-17 11:17:36.564109,0 days 00:00:00.043413,0.0701329012978692,9,39,1000,56,PRUNED
49,49367.85324599143,2025-03-17 11:17:36.564251,2025-03-17 11:17:36.608686,0 days 00:00:00.044435,0.11845574127798024,12,44,400,69,PRUNED
50,45639.5083952829,2025-03-17 11:17:36.608813,2025-03-17 11:17:36.655005,0 days 00:00:00.046192,0.195534769524654,9,46,500,49,PRUNED
51,42732.573661172995,2025-03-17 11:17:36.655125,2025-03-17 11:17:36.699974,0 days 00:00:00.044849,0.2568447749694671,11,48,500,56,PRUNED
52,16923.741006095763,2025-03-17 11:17:36.700110,2025-03-17 11:17:36.799314,0 days 00:00:00.099204,0.2787424360796448,10,50,500,58,PRUNED
53,44778.020012278736,2025-03-17 11:17:36.799498,2025-03-17 11:17:36.844968,0 days 00:00:00.045470,0.21366697015537045,11,43,400,97,PRUNED
54,47795.09271488773,2025-03-17 11:17:36.845107,2025-03-17 11:17:36.890687,0 days 00:00:00.045580,0.15074381347031615,11,47,600,42,PRUNED
55,43134.39867081958,2025-03-17 11:17:36.890820,2025-03-17 11:17:36.937899,0 days 00:00:00.047079,0.248272266264724,10,46,700,64,PRUNED
56,15712.529071846424,2025-03-17 11:17:36.938037,2025-03-17 11:17:37.061701,0 days 00:00:00.123664,0.29660454234259304,12,43,600,52,PRUNED
57,46833.957040544155,2025-03-17 11:17:37.061828,2025-03-17 11:17:37.109630,0 days 00:00:00.047802,0.17058006336091802,8,37,300,87,PRUNED
58,43872.058695444925,2025-03-17 11:17:37.109751,2025-03-17 11:17:37.155591,0 days 00:00:00.045840,0.23288914720063816,13,49,500,47,PRUNED
59,45586.23778867971,2025-03-17 11:17:37.155724,2025-03-17 11:17:37.198182,0 days 00:00:00.042458,0.1972572756827363,11,42,400,27,PRUNED
60,15510.512416792793,2025-03-17 11:17:37.198319,2025-03-17 11:17:37.349172,0 days 00:00:00.150853,0.2626574579215014,9,39,500,37,PRUNED
61,15352.19533562379,2025-03-17 11:17:37.349311,2025-03-17 11:17:39.944654,0 days 00:00:02.595343,0.29574268240609375,12,50,500,78,COMPLETE
62,43861.48289438627,2025-03-17 11:17:39.945127,2025-03-17 11:17:39.988765,0 days 00:00:00.043638,0.23303382865309993,10,45,500,80,PRUNED
63,15459.04651690108,2025-03-17 11:17:39.988901,2025-03-17 11:17:43.152817,0 days 00:00:03.163916,0.27190743232706793,12,47,600,84,COMPLETE
64,45204.187857674886,2025-03-17 11:17:43.153345,2025-03-17 11:17:43.196067,0 days 00:00:00.042722,0.20484354453901418,12,49,600,86,PRUNED
65,54191.072325615845,2025-03-17 11:17:43.196208,2025-03-17 11:17:43.241698,0 days 00:00:00.045490,0.020475276246831806,14,47,700,83,PRUNED
66,52037.54884787407,2025-03-17 11:17:43.241822,2025-03-17 11:17:43.286929,0 days 00:00:00.045107,0.06404741104425571,12,49,600,89,PRUNED
67,15839.586280318672,2025-03-17 11:17:43.287058,2025-03-17 11:17:43.434397,0 days 00:00:00.147339,0.2811369706208496,13,35,900,97,PRUNED
68,50617.97388359572,2025-03-17 11:17:43.434528,2025-03-17 11:17:43.479723,0 days 00:00:00.045195,0.09290814688820079,10,45,600,73,PRUNED
69,53893.212593707685,2025-03-17 11:17:43.479857,2025-03-17 11:17:43.525403,0 days 00:00:00.045546,0.0265182039087773,11,50,400,70,PRUNED
70,46427.64187295545,2025-03-17 11:17:43.525533,2025-03-17 11:17:43.573798,0 days 00:00:00.048265,0.1808342233552835,12,29,700,83,PRUNED
71,15277.569341039416,2025-03-17 11:17:43.573924,2025-03-17 11:17:45.845642,0 days 00:00:02.271718,0.2699354393649702,11,47,500,51,COMPLETE
72,44026.01231885397,2025-03-17 11:17:45.846111,2025-03-17 11:17:45.894790,0 days 00:00:00.048679,0.23707203782786387,11,10,500,58,PRUNED
73,15480.108700271603,2025-03-17 11:17:45.894948,2025-03-17 11:17:46.025225,0 days 00:00:00.130277,0.2995356191428796,13,48,500,76,PRUNED
74,15692.27698236747,2025-03-17 11:17:46.025365,2025-03-17 11:17:46.142953,0 days 00:00:00.117588,0.270026843015738,12,46,400,51,PRUNED
75,53124.80947866015,2025-03-17 11:17:46.143088,2025-03-17 11:17:46.189198,0 days 00:00:00.046110,0.04198672114593462,9,43,600,100,PRUNED
76,44495.36460535212,2025-03-17 11:17:46.189359,2025-03-17 11:17:46.234221,0 days 00:00:00.044862,0.21946956977116644,10,47,500,46,PRUNED
77,54644.78374609295,2025-03-17 11:17:46.234344,2025-03-17 11:17:46.279391,0 days 00:00:00.045047,0.011356071071963422,11,41,400,67,PRUNED
78,47540.210738046146,2025-03-17 11:17:46.279514,2025-03-17 11:17:46.324914,0 days 00:00:00.045400,0.15618934202750398,8,49,500,92,PRUNED
79,43318.60003887576,2025-03-17 11:17:46.325039,2025-03-17 11:17:46.372253,0 days 00:00:00.047214,0.2451517595865955,7,45,300,59,PRUNED
80,46564.42802229391,2025-03-17 11:17:46.372397,2025-03-17 11:17:46.443627,0 days 00:00:00.071230,0.1765582038845883,12,50,600,42,PRUNED
81,15680.576139114457,2025-03-17 11:17:46.443759,2025-03-17 11:17:46.558712,0 days 00:00:00.114953,0.26722921582523157,11,47,500,61,PRUNED
82,44999.59217546609,2025-03-17 11:17:46.558846,2025-03-17 11:17:46.606312,0 days 00:00:00.047466,0.20895464778975378,12,48,500,54,PRUNED
83,17610.74366442171,2025-03-17 11:17:46.606440,2025-03-17 11:17:46.692895,0 days 00:00:00.086455,0.26750767008455717,11,44,500,50,PRUNED
84,43493.58589239958,2025-03-17 11:17:46.693033,2025-03-17 11:17:46.738729,0 days 00:00:00.045696,0.24065742313627891,10,46,400,64,PRUNED
85,15682.64741048293,2025-03-17 11:17:46.738862,2025-03-17 11:17:46.858066,0 days 00:00:00.119204,0.27893616784043207,11,47,500,57,PRUNED
86,44732.27415749351,2025-03-17 11:17:46.858205,2025-03-17 11:17:46.905873,0 days 00:00:00.047668,0.21472119507580664,11,41,600,54,PRUNED
87,15452.860923691504,2025-03-17 11:17:46.906009,2025-03-17 11:17:47.035967,0 days 00:00:00.129958,0.29595545171691323,13,49,600,48,PRUNED
88,42688.15896163822,2025-03-17 11:17:47.036097,2025-03-17 11:17:47.081769,0 days 00:00:00.045672,0.2579386732807462,10,45,500,54,PRUNED
89,48209.91949711921,2025-03-17 11:17:47.081905,2025-03-17 11:17:47.129291,0 days 00:00:00.047386,0.14223392248743671,12,48,400,94,PRUNED
90,44267.63557226227,2025-03-17 11:17:47.129417,2025-03-17 11:17:47.176293,0 days 00:00:00.046876,0.2244101917146947,9,43,500,45,PRUNED
91,17656.504190709587,2025-03-17 11:17:47.176424,2025-03-17 11:17:47.264088,0 days 00:00:00.087664,0.28149838522162907,13,50,500,81,PRUNED
92,15214.660802277407,2025-03-17 11:17:47.264226,2025-03-17 11:17:47.438785,0 days 00:00:00.174559,0.29936038977433527,13,50,500,77,PRUNED
93,43197.65078972241,2025-03-17 11:17:47.438939,2025-03-17 11:17:47.487042,0 days 00:00:00.048103,0.24692992038110922,14,46,600,88,PRUNED
94,45831.14072777286,2025-03-17 11:17:47.487170,2025-03-17 11:17:47.533840,0 days 00:00:00.046670,0.19172321029879713,12,49,500,75,PRUNED
95,16150.469234329968,2025-03-17 11:17:47.533973,2025-03-17 11:17:47.643296,0 days 00:00:00.109323,0.27750404542198215,11,47,400,82,PRUNED
96,44152.64083742814,2025-03-17 11:17:47.643429,2025-03-17 11:17:47.691428,0 days 00:00:00.047999,0.2268271158243361,15,44,500,78,PRUNED
97,42737.62466186939,2025-03-17 11:17:47.691562,2025-03-17 11:17:47.738054,0 days 00:00:00.046492,0.2567372433232027,8,48,600,72,PRUNED
98,45675.968839943685,2025-03-17 11:17:47.738188,2025-03-17 11:17:47.793174,0 days 00:00:00.054986,0.20270287747589089,12,14,400,84,PRUNED
99,43627.069219067176,2025-03-17 11:17:47.793304,2025-03-17 11:17:47.838829,0 days 00:00:00.045525,0.23783236293394985,13,46,500,50,PRUNED
