number,value,datetime_start,datetime_complete,duration,params_learning_rate,params_max_depth,params_min_child_samples,params_n_estimators,params_num_leaves,state
0,15529.669776147826,2025-03-17 10:50:26.316607,2025-03-17 10:50:29.490039,0 days 00:00:03.173432,0.010704722183734796,8,31,500,85,COMPLETE
1,15269.678628577107,2025-03-17 10:50:29.490546,2025-03-17 10:50:31.262309,0 days 00:00:01.771763,0.09629762516836103,14,34,300,52,COMPLETE
2,16816.305938033893,2025-03-17 10:50:31.262651,2025-03-17 10:50:32.660679,0 days 00:00:01.398028,0.03931423319931202,15,10,300,23,COMPLETE
3,15523.15380218641,2025-03-17 10:50:32.661048,2025-03-17 10:50:35.030420,0 days 00:00:02.369372,0.014840298359489945,6,50,1000,97,COMPLETE
4,16077.154060263721,2025-03-17 10:50:35.030968,2025-03-17 10:50:36.818086,0 days 00:00:01.787118,0.02430057373621139,10,18,200,64,COMPLETE
5,14833.94084904952,2025-03-17 10:50:36.818401,2025-03-17 10:50:39.609419,0 days 00:00:02.791018,0.09472283631749949,8,47,1000,31,COMPLETE
6,16505.847786762773,2025-03-17 10:50:39.610194,2025-03-17 10:50:39.906915,0 days 00:00:00.296721,0.27206450345953603,3,32,600,72,PRUNED
7,16252.139369220353,2025-03-17 10:50:39.907125,2025-03-17 10:50:40.432054,0 days 00:00:00.524929,0.16993968854148034,6,29,700,27,PRUNED
8,54500.15971399151,2025-03-17 10:50:40.432264,2025-03-17 10:50:40.467549,0 days 00:00:00.035285,0.01432083200653343,12,31,100,88,PRUNED
9,54139.725508829,2025-03-17 10:50:40.467676,2025-03-17 10:50:40.503674,0 days 00:00:00.035998,0.021612831882245,13,31,600,44,PRUNED
10,14997.562029529501,2025-03-17 10:50:40.503793,2025-03-17 10:50:44.164203,0 days 00:00:03.660410,0.07065776375081881,10,50,1000,39,COMPLETE
11,15352.183988523137,2025-03-17 10:50:44.164983,2025-03-17 10:50:45.168717,0 days 00:00:01.003734,0.07107188023654532,10,50,1000,38,PRUNED
12,15557.321674778615,2025-03-17 10:50:45.168921,2025-03-17 10:50:47.025072,0 days 00:00:01.856151,0.1300888785956271,8,43,800,36,PRUNED
13,15274.053859079571,2025-03-17 10:50:47.025389,2025-03-17 10:50:49.326511,0 days 00:00:02.301122,0.05254210906597602,11,42,900,52,PRUNED
14,44462.78360365477,2025-03-17 10:50:49.326803,2025-03-17 10:50:49.384200,0 days 00:00:00.057397,0.04001815413651904,6,42,800,21,PRUNED
15,14728.032020746663,2025-03-17 10:50:49.384352,2025-03-17 10:50:52.273971,0 days 00:00:02.889619,0.09232698221624487,8,45,1000,33,COMPLETE
16,15737.257810326324,2025-03-17 10:50:52.274736,2025-03-17 10:50:53.055163,0 days 00:00:00.780427,0.16478381223236818,4,39,800,33,PRUNED
17,15800.492067010928,2025-03-17 10:50:53.055457,2025-03-17 10:50:53.764198,0 days 00:00:00.708741,0.10416161021972078,8,39,900,51,PRUNED
18,16798.057109968824,2025-03-17 10:50:53.764393,2025-03-17 10:50:53.937436,0 days 00:00:00.173043,0.23763715836009305,5,24,400,65,PRUNED
19,15002.655010381068,2025-03-17 10:50:53.937597,2025-03-17 10:50:55.449656,0 days 00:00:01.512059,0.07606844819801914,7,45,900,32,PRUNED
20,53206.22453166153,2025-03-17 10:50:55.449975,2025-03-17 10:50:55.492701,0 days 00:00:00.042726,0.040301136839187034,9,37,700,45,PRUNED
21,14683.88217981537,2025-03-17 10:50:55.492831,2025-03-17 10:50:59.052701,0 days 00:00:03.559870,0.06255588226465122,10,47,1000,43,COMPLETE
22,14994.0435611621,2025-03-17 10:50:59.053487,2025-03-17 10:51:00.524633,0 days 00:00:01.471146,0.11162914791714668,9,46,1000,28,PRUNED
23,52501.24711931281,2025-03-17 10:51:00.524910,2025-03-17 10:51:00.566366,0 days 00:00:00.041456,0.05459163308898914,11,46,900,45,PRUNED
24,15349.222828793434,2025-03-17 10:51:00.566501,2025-03-17 10:51:00.957280,0 days 00:00:00.390779,0.15805588832721193,7,47,1000,56,PRUNED
25,17096.34900579785,2025-03-17 10:51:00.957453,2025-03-17 10:51:03.572599,0 days 00:00:02.615146,0.07641960312685751,12,26,700,28,PRUNED
26,53757.43343165548,2025-03-17 10:51:03.572908,2025-03-17 10:51:03.617537,0 days 00:00:00.044629,0.029346670651625165,7,36,800,43,PRUNED
27,15813.149629263648,2025-03-17 10:51:03.617663,2025-03-17 10:51:04.358991,0 days 00:00:00.741328,0.09286230473942868,9,40,900,20,PRUNED
28,52334.2064151533,2025-03-17 10:51:04.359176,2025-03-17 10:51:04.401362,0 days 00:00:00.042186,0.057990807959979955,11,48,1000,32,PRUNED
29,15178.637593488007,2025-03-17 10:51:04.401484,2025-03-17 10:51:05.471255,0 days 00:00:01.069771,0.19495907076005714,8,44,500,75,PRUNED
30,15432.40686915831,2025-03-17 10:51:05.471485,2025-03-17 10:51:06.147132,0 days 00:00:00.675647,0.13831812121993836,8,41,900,59,PRUNED
31,17240.203849393805,2025-03-17 10:51:06.147332,2025-03-17 10:51:06.381572,0 days 00:00:00.234240,0.06506124044716886,10,50,1000,39,PRUNED
32,15028.927053111656,2025-03-17 10:51:06.381712,2025-03-17 10:51:08.316550,0 days 00:00:01.934838,0.09174647393516966,10,48,1000,40,PRUNED
33,52967.001409291224,2025-03-17 10:51:08.316829,2025-03-17 10:51:08.360414,0 days 00:00:00.043585,0.04519397133253602,12,45,900,47,PRUNED
34,15066.173803188714,2025-03-17 10:51:08.360541,2025-03-17 10:51:10.703160,0 days 00:00:02.342619,0.08462856670918104,14,48,1000,26,PRUNED
35,15981.224070733975,2025-03-17 10:51:10.703407,2025-03-17 10:51:11.053834,0 days 00:00:00.350427,0.11600573981766492,9,18,800,34,PRUNED
36,53612.51508045017,2025-03-17 10:51:11.053994,2025-03-17 10:51:11.099790,0 days 00:00:00.045796,0.03218591090763459,9,50,400,49,PRUNED
37,52256.460174370324,2025-03-17 10:51:11.099933,2025-03-17 10:51:11.146169,0 days 00:00:00.046236,0.059827486323606176,7,36,1000,41,PRUNED
38,14940.027970125813,2025-03-17 10:51:11.146299,2025-03-17 10:51:13.211243,0 days 00:00:02.064944,0.08580698702901021,10,44,900,56,PRUNED
39,15753.279854485529,2025-03-17 10:51:13.211524,2025-03-17 10:51:13.380774,0 days 00:00:00.169250,0.12530008925659425,5,14,700,30,PRUNED
40,54692.99340858732,2025-03-17 10:51:13.380935,2025-03-17 10:51:13.425186,0 days 00:00:00.044251,0.010401321036047434,11,48,100,25,PRUNED
41,15344.184831690329,2025-03-17 10:51:13.425324,2025-03-17 10:51:14.792200,0 days 00:00:01.366876,0.10020256009673625,15,33,200,37,COMPLETE
42,52822.401514111676,2025-03-17 10:51:14.792758,2025-03-17 10:51:14.838769,0 days 00:00:00.046011,0.04794899986884879,13,28,300,54,PRUNED
43,16195.496960136607,2025-03-17 10:51:14.838905,2025-03-17 10:51:16.053735,0 days 00:00:01.214830,0.06956319715235662,13,20,200,97,PRUNED
44,15442.004783069779,2025-03-17 10:51:16.053911,2025-03-17 10:51:16.849967,0 days 00:00:00.796056,0.13913339433534289,14,42,600,70,PRUNED
45,16433.33509252481,2025-03-17 10:51:16.850133,2025-03-17 10:51:17.139390,0 days 00:00:00.289257,0.08072711177950634,14,10,400,36,PRUNED
46,15461.896404535815,2025-03-17 10:51:17.139523,2025-03-17 10:51:17.507349,0 days 00:00:00.367826,0.10727256090185712,6,34,300,48,PRUNED
47,52072.30525555226,2025-03-17 10:51:17.507514,2025-03-17 10:51:17.551367,0 days 00:00:00.043853,0.06356572381692518,8,50,1000,23,PRUNED
48,16054.258208744614,2025-03-17 10:51:17.551548,2025-03-17 10:51:17.686305,0 days 00:00:00.134757,0.19419387413569453,3,38,500,61,PRUNED
49,52820.78789964567,2025-03-17 10:51:17.686463,2025-03-17 10:51:17.730429,0 days 00:00:00.043966,0.04813320301882394,11,43,800,41,PRUNED
50,53549.88380924554,2025-03-17 10:51:17.730553,2025-03-17 10:51:17.775225,0 days 00:00:00.044672,0.03339920655800512,8,46,900,51,PRUNED
51,15151.885989397884,2025-03-17 10:51:17.775351,2025-03-17 10:51:19.064313,0 days 00:00:01.288962,0.10074048527217684,14,34,200,36,COMPLETE
52,15707.950754402736,2025-03-17 10:51:19.064854,2025-03-17 10:51:19.696499,0 days 00:00:00.631645,0.09359137535212075,15,30,100,31,COMPLETE
53,51571.63183005154,2025-03-17 10:51:19.697015,2025-03-17 10:51:19.740255,0 days 00:00:00.043240,0.07237104489533504,12,34,200,34,PRUNED
54,16264.846978424328,2025-03-17 10:51:19.740389,2025-03-17 10:51:20.071456,0 days 00:00:00.331067,0.1188186217980327,13,24,300,43,PRUNED
55,54580.93795255901,2025-03-17 10:51:20.071598,2025-03-17 10:51:20.116768,0 days 00:00:00.045170,0.01265055958725597,14,40,200,37,PRUNED
56,14887.252638371388,2025-03-17 10:51:20.116903,2025-03-17 10:51:20.899751,0 days 00:00:00.782848,0.14981438377960393,7,47,300,29,COMPLETE
57,15189.774537930072,2025-03-17 10:51:20.900349,2025-03-17 10:51:22.033168,0 days 00:00:01.132819,0.24388694713681078,5,47,600,23,COMPLETE
58,14997.338100720652,2025-03-17 10:51:22.033843,2025-03-17 10:51:23.209028,0 days 00:00:01.175185,0.15902003852097107,7,44,1000,29,PRUNED
59,54155.8975877628,2025-03-17 10:51:23.209310,2025-03-17 10:51:23.252795,0 days 00:00:00.043485,0.02128435803126255,6,49,100,35,PRUNED
60,15390.745756798968,2025-03-17 10:51:23.252923,2025-03-17 10:51:23.715519,0 days 00:00:00.462596,0.20044176621800658,9,46,900,27,PRUNED
61,15572.269807225479,2025-03-17 10:51:23.715699,2025-03-17 10:51:23.949487,0 days 00:00:00.233788,0.24867639750735684,5,47,300,23,PRUNED
62,15304.593982034476,2025-03-17 10:51:23.949654,2025-03-17 10:51:24.173134,0 days 00:00:00.223480,0.21689615407377155,4,47,600,23,PRUNED
63,15142.324287315623,2025-03-17 10:51:24.173341,2025-03-17 10:51:25.009399,0 days 00:00:00.836058,0.2740678795044109,5,45,1000,31,PRUNED
64,15488.43895019368,2025-03-17 10:51:25.009652,2025-03-17 10:51:25.160227,0 days 00:00:00.150575,0.13630833314465188,6,49,400,25,PRUNED
65,15438.087433629104,2025-03-17 10:51:25.160380,2025-03-17 10:51:25.620605,0 days 00:00:00.460225,0.17067546972588177,10,42,1000,33,PRUNED
66,15912.152980706378,2025-03-17 10:51:25.620770,2025-03-17 10:51:25.803301,0 days 00:00:00.182531,0.10304896937727862,7,49,700,39,PRUNED
67,52638.15653241863,2025-03-17 10:51:25.803446,2025-03-17 10:51:25.846554,0 days 00:00:00.043108,0.052951730487128694,4,45,900,20,PRUNED
68,51262.860077702084,2025-03-17 10:51:25.846704,2025-03-17 10:51:25.890714,0 days 00:00:00.044010,0.0798221678179987,9,43,800,29,PRUNED
69,52070.01068655832,2025-03-17 10:51:25.890843,2025-03-17 10:51:25.936331,0 days 00:00:00.045488,0.06332023885631938,8,47,1000,44,PRUNED
70,15374.273818335849,2025-03-17 10:51:25.936454,2025-03-17 10:51:26.230741,0 days 00:00:00.294287,0.1427599260752973,10,41,500,26,PRUNED
71,50791.06820308341,2025-03-17 10:51:26.230876,2025-03-17 10:51:26.276267,0 days 00:00:00.045391,0.08952165579764111,15,36,200,38,PRUNED
72,51790.3438424958,2025-03-17 10:51:26.276402,2025-03-17 10:51:26.322932,0 days 00:00:00.046530,0.06940288040549422,8,32,300,42,PRUNED
73,14887.735104980602,2025-03-17 10:51:26.323065,2025-03-17 10:51:27.483211,0 days 00:00:01.160146,0.09868639582598279,7,49,400,45,COMPLETE
74,15609.01188389899,2025-03-17 10:51:27.483902,2025-03-17 10:51:27.683734,0 days 00:00:00.199832,0.11114841407024074,7,49,400,45,PRUNED
75,15355.764339103662,2025-03-17 10:51:27.683871,2025-03-17 10:51:27.911921,0 days 00:00:00.228050,0.12309447079254554,8,48,300,35,PRUNED
76,51385.97262153154,2025-03-17 10:51:27.912085,2025-03-17 10:51:27.957005,0 days 00:00:00.044920,0.07747842675370038,7,50,400,32,PRUNED
77,15250.620650837069,2025-03-17 10:51:27.957132,2025-03-17 10:51:28.258059,0 days 00:00:00.300927,0.0988876050965327,9,46,900,79,PRUNED
78,51099.121621119775,2025-03-17 10:51:28.258202,2025-03-17 10:51:28.304186,0 days 00:00:00.045984,0.08342793826762,6,44,1000,40,PRUNED
79,15615.159521421549,2025-03-17 10:51:28.304326,2025-03-17 10:51:28.448114,0 days 00:00:00.143788,0.1771088590099183,6,47,500,46,PRUNED
80,15479.523274327072,2025-03-17 10:51:28.448266,2025-03-17 10:51:28.611876,0 days 00:00:00.163610,0.2351270642603411,7,48,1000,49,PRUNED
81,52514.30586067977,2025-03-17 10:51:28.612021,2025-03-17 10:51:28.653367,0 days 00:00:00.041346,0.05819854132821748,3,45,200,56,PRUNED
82,15577.802867617276,2025-03-17 10:51:28.653489,2025-03-17 10:51:28.962637,0 days 00:00:00.309148,0.14809183854323799,10,29,300,52,PRUNED
83,15517.709206113757,2025-03-17 10:51:28.962782,2025-03-17 10:51:30.959752,0 days 00:00:01.996970,0.2991628494778578,12,49,400,36,COMPLETE
84,31058.72185775404,2025-03-17 10:51:30.960378,2025-03-17 10:51:31.034296,0 days 00:00:00.073918,0.09614466423091039,8,50,200,30,PRUNED
85,15659.879124130075,2025-03-17 10:51:31.034439,2025-03-17 10:51:32.437770,0 days 00:00:01.403331,0.11071097068708886,11,38,300,47,COMPLETE
86,51660.14246218077,2025-03-17 10:51:32.438342,2025-03-17 10:51:32.483753,0 days 00:00:00.045411,0.07154216792362768,9,27,600,38,PRUNED
87,50753.78490968407,2025-03-17 10:51:32.483881,2025-03-17 10:51:32.529037,0 days 00:00:00.045156,0.09007254151358915,14,47,1000,50,PRUNED
88,15832.400588651873,2025-03-17 10:51:32.529167,2025-03-17 10:51:33.682823,0 days 00:00:01.153656,0.1326515977996427,13,35,200,43,COMPLETE
89,51877.88394085714,2025-03-17 10:51:33.683372,2025-03-17 10:51:33.726530,0 days 00:00:00.043158,0.06750689716469352,8,46,900,22,PRUNED
90,51526.7566459002,2025-03-17 10:51:33.726659,2025-03-17 10:51:33.795698,0 days 00:00:00.069039,0.07515548096420233,7,32,100,33,PRUNED
91,15181.717781152236,2025-03-17 10:51:33.795836,2025-03-17 10:51:35.061421,0 days 00:00:01.265585,0.10446128556183207,15,34,200,37,COMPLETE
92,15001.802102857613,2025-03-17 10:51:35.061958,2025-03-17 10:51:36.362963,0 days 00:00:01.301005,0.10279965450170644,15,34,200,41,COMPLETE
93,15205.63105501609,2025-03-17 10:51:36.363513,2025-03-17 10:51:37.065711,0 days 00:00:00.702198,0.12071825834604998,15,33,100,41,COMPLETE
94,50930.12734821875,2025-03-17 10:51:37.066274,2025-03-17 10:51:37.109962,0 days 00:00:00.043688,0.08701322534195194,15,24,200,25,PRUNED
95,15347.118289538166,2025-03-17 10:51:37.110088,2025-03-17 10:51:37.307581,0 days 00:00:00.197493,0.10821790992941119,14,30,200,27,PRUNED
96,15287.797792652726,2025-03-17 10:51:37.307725,2025-03-17 10:51:37.547863,0 days 00:00:00.240138,0.1520930265837018,15,43,300,35,PRUNED
97,15450.026749606888,2025-03-17 10:51:37.548015,2025-03-17 10:51:38.248138,0 days 00:00:00.700123,0.10132943326962482,15,35,100,39,COMPLETE
98,51224.98144182107,2025-03-17 10:51:38.248652,2025-03-17 10:51:38.293928,0 days 00:00:00.045276,0.08061121370385006,14,37,200,29,PRUNED
99,52165.397121076996,2025-03-17 10:51:38.294059,2025-03-17 10:51:38.339220,0 days 00:00:00.045161,0.061416374860993134,9,48,1000,33,PRUNED
