number,value,datetime_start,datetime_complete,duration,params_learning_rate,params_max_depth,params_min_child_samples,params_n_estimators,params_num_leaves,state
0,28980.46155494941,2025-03-17 08:28:55.276458,2025-03-17 08:28:55.398645,0 days 00:00:00.122187,0.18158027034632165,3,31,100,99,COMPLETE
1,29136.33627736497,2025-03-17 08:28:55.398916,2025-03-17 08:28:57.477403,0 days 00:00:02.078487,0.2546763016450384,9,34,700,35,COMPLETE
2,29156.886360262495,2025-03-17 08:28:57.477827,2025-03-17 08:28:59.778278,0 days 00:00:02.300451,0.25005919601980814,6,18,900,20,COMPLETE
3,31871.179017735878,2025-03-17 08:28:59.778759,2025-03-17 08:29:00.153703,0 days 00:00:00.374944,0.015785468282622558,8,15,100,22,COMPLETE
4,28692.27807474052,2025-03-17 08:29:00.153951,2025-03-17 08:29:01.192189,0 days 00:00:01.038238,0.03060365645688297,10,48,300,77,COMPLETE
5,66491.83009537453,2025-03-17 08:29:01.192534,2025-03-17 08:29:01.198292,0 days 00:00:00.005758,0.07761938158784593,5,15,300,24,PRUNED
6,67675.7281692131,2025-03-17 08:29:01.198391,2025-03-17 08:29:01.205466,0 days 00:00:00.007075,0.06613747186882236,10,40,400,86,PRUNED
7,70195.6748974087,2025-03-17 08:29:01.205578,2025-03-17 08:29:01.208407,0 days 00:00:00.002829,0.020217913004707502,3,25,300,100,PRUNED
8,68399.28129051394,2025-03-17 08:29:01.208481,2025-03-17 08:29:01.216818,0 days 00:00:00.008337,0.04916901832834149,14,33,100,51,PRUNED
9,62764.88228527194,2025-03-17 08:29:01.216918,2025-03-17 08:29:01.225046,0 days 00:00:00.008128,0.14696469698848877,8,34,600,94,PRUNED
10,69687.21120078363,2025-03-17 08:29:01.225142,2025-03-17 08:29:01.240227,0 days 00:00:00.015085,0.03138638767591086,13,50,1000,73,PRUNED
11,65642.42711955517,2025-03-17 08:29:01.240324,2025-03-17 08:29:01.253899,0 days 00:00:00.013575,0.1123591539014943,11,50,200,79,PRUNED
12,69484.68097441542,2025-03-17 08:29:01.254000,2025-03-17 08:29:01.268423,0 days 00:00:00.014423,0.03291303004415943,12,41,400,64,PRUNED
13,70588.28882423867,2025-03-17 08:29:01.268509,2025-03-17 08:29:01.278720,0 days 00:00:00.010211,0.012894887207344132,3,25,100,87,PRUNED
14,69515.20452507948,2025-03-17 08:29:01.278805,2025-03-17 08:29:01.293303,0 days 00:00:00.014498,0.03263473403331674,15,42,500,58,PRUNED
15,62854.49696788298,2025-03-17 08:29:01.293393,2025-03-17 08:29:01.307820,0 days 00:00:00.014427,0.1457509968123558,6,26,300,71,PRUNED
16,68863.99334517664,2025-03-17 08:29:01.307920,2025-03-17 08:29:01.321801,0 days 00:00:00.013881,0.04767563713867485,7,45,200,88,PRUNED
17,70042.85005809678,2025-03-17 08:29:01.321918,2025-03-17 08:29:01.340666,0 days 00:00:00.018748,0.021019151135739798,10,29,700,98,PRUNED
18,66299.37513679123,2025-03-17 08:29:01.340780,2025-03-17 08:29:01.352580,0 days 00:00:00.011800,0.10232253979670006,4,46,200,50,PRUNED
19,28869.817954702325,2025-03-17 08:29:01.353236,2025-03-17 08:29:03.059208,0 days 00:00:01.705972,0.18183753468304087,11,38,500,77,COMPLETE
20,66445.88013757624,2025-03-17 08:29:03.059647,2025-03-17 08:29:03.075298,0 days 00:00:00.015651,0.08513673069122878,11,38,500,76,PRUNED
21,29307.349616709223,2025-03-17 08:29:03.075423,2025-03-17 08:29:04.680453,0 days 00:00:01.605030,0.20109350101035509,13,36,400,66,COMPLETE
22,62106.63054661939,2025-03-17 08:29:04.680904,2025-03-17 08:29:04.698404,0 days 00:00:00.017500,0.15856834457105987,9,30,600,84,PRUNED
23,29091.569465694996,2025-03-17 08:29:04.698520,2025-03-17 08:29:04.800577,0 days 00:00:00.102057,0.2804113123903941,11,45,200,93,PRUNED
24,29305.56713403619,2025-03-17 08:29:04.800692,2025-03-17 08:29:04.969050,0 days 00:00:00.168358,0.20288762329192522,12,21,300,81,PRUNED
25,65128.88085303787,2025-03-17 08:29:04.969193,2025-03-17 08:29:04.986519,0 days 00:00:00.017326,0.1089218585718924,8,37,800,57,PRUNED
26,69244.2894309521,2025-03-17 08:29:04.986610,2025-03-17 08:29:05.001634,0 days 00:00:00.015024,0.040179873418158776,10,47,500,69,PRUNED
27,67683.01405836632,2025-03-17 08:29:05.001711,2025-03-17 08:29:05.017852,0 days 00:00:00.016141,0.064225393021069,7,11,400,41,PRUNED
28,70688.91850002289,2025-03-17 08:29:05.017933,2025-03-17 08:29:05.035564,0 days 00:00:00.017631,0.010059525149202506,12,31,100,91,PRUNED
29,33927.8080895398,2025-03-17 08:29:05.035655,2025-03-17 08:29:05.087033,0 days 00:00:00.051378,0.19688390708455886,9,43,700,77,PRUNED
30,69938.56212622978,2025-03-17 08:29:05.087145,2025-03-17 08:29:05.101137,0 days 00:00:00.013992,0.0245565063667028,5,39,600,62,PRUNED
31,28905.321250363377,2025-03-17 08:29:05.101244,2025-03-17 08:29:07.407191,0 days 00:00:02.305947,0.28926548236799643,10,34,700,29,COMPLETE
32,28767.411050666775,2025-03-17 08:29:07.407708,2025-03-17 08:29:10.423410,0 days 00:00:03.015702,0.2908519800917063,10,34,800,31,COMPLETE
33,28579.881507089885,2025-03-17 08:29:10.423946,2025-03-17 08:29:10.562247,0 days 00:00:00.138301,0.2658829750446117,10,28,800,30,PRUNED
34,28700.867055764527,2025-03-17 08:29:10.562408,2025-03-17 08:29:13.374618,0 days 00:00:02.812210,0.23805276112311177,11,34,800,35,COMPLETE
35,59079.918677513386,2025-03-17 08:29:13.375218,2025-03-17 08:29:13.392667,0 days 00:00:00.017449,0.21774700598040264,11,36,900,39,PRUNED
36,61387.16413886608,2025-03-17 08:29:13.392789,2025-03-17 08:29:13.410483,0 days 00:00:00.017694,0.17163928559170893,13,32,800,49,PRUNED
37,59659.38276453828,2025-03-17 08:29:13.410562,2025-03-17 08:29:13.425774,0 days 00:00:00.015212,0.2368756403648567,9,48,1000,34,PRUNED
38,64090.5445380623,2025-03-17 08:29:13.425887,2025-03-17 08:29:13.443338,0 days 00:00:00.017451,0.1229868005640556,12,22,900,42,PRUNED
39,29420.783482839393,2025-03-17 08:29:13.443446,2025-03-17 08:29:16.589444,0 days 00:00:03.145998,0.22638626377383878,14,35,800,25,COMPLETE
40,29853.50052201391,2025-03-17 08:29:16.590435,2025-03-17 08:29:16.634947,0 days 00:00:00.044512,0.29758930983437404,8,43,700,21,PRUNED
41,28976.415078971677,2025-03-17 08:29:16.635070,2025-03-17 08:29:18.957193,0 days 00:00:02.322123,0.29862689366566547,10,33,700,29,COMPLETE
42,58342.36892081653,2025-03-17 08:29:18.957694,2025-03-17 08:29:18.975546,0 days 00:00:00.017852,0.24094881377479418,11,39,900,35,PRUNED
43,63507.56204628093,2025-03-17 08:29:18.975669,2025-03-17 08:29:18.993004,0 days 00:00:00.017335,0.13390037055896006,9,34,600,45,PRUNED
44,61011.70728533928,2025-03-17 08:29:18.993093,2025-03-17 08:29:19.008146,0 days 00:00:00.015053,0.17931737836362033,10,28,800,27,PRUNED
45,28712.54822983753,2025-03-17 08:29:19.008226,2025-03-17 08:29:21.412837,0 days 00:00:02.404611,0.2519773497191365,11,40,700,32,COMPLETE
46,62251.641570387495,2025-03-17 08:29:21.413329,2025-03-17 08:29:21.430530,0 days 00:00:00.017201,0.16822226713199198,12,41,900,34,PRUNED
47,69680.87284622906,2025-03-17 08:29:21.430625,2025-03-17 08:29:21.448516,0 days 00:00:00.017891,0.028068558175943246,11,37,600,39,PRUNED
48,66451.02300697875,2025-03-17 08:29:21.448613,2025-03-17 08:29:21.465017,0 days 00:00:00.016404,0.09060470233853468,13,43,500,56,PRUNED
49,69295.51955411134,2025-03-17 08:29:21.465102,2025-03-17 08:29:21.481137,0 days 00:00:00.016035,0.03914009423844442,11,49,700,45,PRUNED
