number,value,datetime_start,datetime_complete,duration,params_learning_rate,params_max_depth,params_min_child_samples,params_n_estimators,params_num_leaves,state
0,29041.565590676462,2025-03-17 08:46:57.390705,2025-03-17 08:46:58.034422,0 days 00:00:00.643717,0.07423386357060453,5,32,400,46,COMPLETE
1,28965.48009423843,2025-03-17 08:46:58.034880,2025-03-17 08:46:58.139842,0 days 00:00:00.104962,0.05038563980779302,3,43,100,40,COMPLETE
2,28225.402796028826,2025-03-17 08:46:58.140079,2025-03-17 08:47:02.156946,0 days 00:00:04.016867,0.03745478339546456,13,32,1000,74,COMPLETE
3,29064.525740967896,2025-03-17 08:47:02.157767,2025-03-17 08:47:03.353961,0 days 00:00:01.196194,0.13817666113153165,11,20,300,88,COMPLETE
4,26973.629581305642,2025-03-17 08:47:03.354515,2025-03-17 08:47:07.244259,0 days 00:00:03.889744,0.1433004547077611,15,10,600,54,COMPLETE
5,26264.825788341368,2025-03-17 08:47:07.244783,2025-03-17 08:47:11.993889,0 days 00:00:04.749106,0.22405974909317652,12,13,900,46,COMPLETE
6,29402.235338721253,2025-03-17 08:47:11.994606,2025-03-17 08:47:12.097306,0 days 00:00:00.102700,0.23095949900800955,7,21,600,25,PRUNED
7,69596.9113869223,2025-03-17 08:47:12.097455,2025-03-17 08:47:12.103152,0 days 00:00:00.005697,0.028849200530198113,13,26,100,24,PRUNED
8,70483.19624489354,2025-03-17 08:47:12.103263,2025-03-17 08:47:12.112259,0 days 00:00:00.008996,0.0135365553387796,10,28,1000,77,PRUNED
9,66934.516383274,2025-03-17 08:47:12.112347,2025-03-17 08:47:12.115141,0 days 00:00:00.002794,0.08172262538097515,3,34,800,91,PRUNED
10,27995.71401153391,2025-03-17 08:47:12.115216,2025-03-17 08:47:12.790682,0 days 00:00:00.675466,0.28672583113679645,7,11,800,67,PRUNED
11,26975.771959969916,2025-03-17 08:47:12.790867,2025-03-17 08:47:15.519803,0 days 00:00:02.728936,0.14372080769144183,15,10,700,52,PRUNED
12,29649.960841413373,2025-03-17 08:47:15.520061,2025-03-17 08:47:16.119521,0 days 00:00:00.599460,0.15285388565464492,15,16,500,57,PRUNED
13,28973.19420858682,2025-03-17 08:47:16.119678,2025-03-17 08:47:16.789474,0 days 00:00:00.669796,0.18811360267780255,12,16,800,39,PRUNED
14,66320.5725013323,2025-03-17 08:47:16.789656,2025-03-17 08:47:16.805173,0 days 00:00:00.015517,0.09869817157550072,14,47,900,62,PRUNED
15,28476.05931327789,2025-03-17 08:47:16.805271,2025-03-17 08:47:17.381074,0 days 00:00:00.575803,0.2686456800245135,9,15,600,33,PRUNED
16,29275.01495148203,2025-03-17 08:47:17.381249,2025-03-17 08:47:17.614574,0 days 00:00:00.233325,0.10505995896502283,12,23,300,49,PRUNED
17,70697.31983656394,2025-03-17 08:47:17.614723,2025-03-17 08:47:17.629545,0 days 00:00:00.014822,0.010650358632352476,10,40,700,65,PRUNED
18,70128.37641561525,2025-03-17 08:47:17.629671,2025-03-17 08:47:17.656135,0 days 00:00:00.026464,0.02031589547117381,14,10,500,100,PRUNED
19,67406.59940383476,2025-03-17 08:47:17.656639,2025-03-17 08:47:17.672054,0 days 00:00:00.015415,0.06243359977888295,8,14,700,35,PRUNED
20,29206.52264034591,2025-03-17 08:47:17.672140,2025-03-17 08:47:17.899313,0 days 00:00:00.227173,0.19897469752840974,12,18,900,52,PRUNED
21,68878.7885979402,2025-03-17 08:47:17.899450,2025-03-17 08:47:17.915995,0 days 00:00:00.016545,0.041875321228303924,13,36,1000,74,PRUNED
22,69118.99734484962,2025-03-17 08:47:17.916099,2025-03-17 08:47:17.934744,0 days 00:00:00.018645,0.036788661644748075,14,26,1000,72,PRUNED
23,69911.47728159354,2025-03-17 08:47:17.934851,2025-03-17 08:47:17.950753,0 days 00:00:00.015902,0.024787470284172292,15,39,900,84,PRUNED
24,65297.15107876951,2025-03-17 08:47:17.950847,2025-03-17 08:47:17.968231,0 days 00:00:00.017384,0.10261822469163859,13,30,900,58,PRUNED
25,68140.28080093021,2025-03-17 08:47:17.968333,2025-03-17 08:47:17.984687,0 days 00:00:00.016354,0.053040163054124324,11,23,1000,42,PRUNED
26,70200.35188578059,2025-03-17 08:47:17.984799,2025-03-17 08:47:18.007587,0 days 00:00:00.022788,0.018934941446846692,11,13,800,78,PRUNED
27,30036.84487214706,2025-03-17 08:47:18.007678,2025-03-17 08:47:18.141177,0 days 00:00:00.133499,0.17522445662525457,14,49,400,69,PRUNED
28,69142.33896609914,2025-03-17 08:47:18.141313,2025-03-17 08:47:18.158838,0 days 00:00:00.017525,0.03754426266804442,13,37,700,54,PRUNED
29,67154.24089659177,2025-03-17 08:47:18.158963,2025-03-17 08:47:18.174310,0 days 00:00:00.015347,0.07179782624132647,5,32,400,46,PRUNED
30,28585.49277453576,2025-03-17 08:47:18.174425,2025-03-17 08:47:18.754667,0 days 00:00:00.580242,0.13028454479234994,15,18,900,30,PRUNED
31,69078.65118788737,2025-03-17 08:47:18.754835,2025-03-17 08:47:18.766925,0 days 00:00:00.012090,0.04368760089641466,3,42,100,42,PRUNED
32,69819.24805358848,2025-03-17 08:47:18.767014,2025-03-17 08:47:18.781399,0 days 00:00:00.014385,0.02902328149565711,5,45,200,44,PRUNED
33,28950.426059396807,2025-03-17 08:47:18.781505,2025-03-17 08:47:18.838937,0 days 00:00:00.057432,0.229774318607646,4,50,300,37,PRUNED
34,68168.08151750214,2025-03-17 08:47:18.839046,2025-03-17 08:47:18.853799,0 days 00:00:00.014753,0.058217398652834505,6,43,200,29,PRUNED
35,68534.2721911122,2025-03-17 08:47:18.853910,2025-03-17 08:47:18.873467,0 days 00:00:00.019557,0.04651521309931986,10,21,600,63,PRUNED
36,69389.26685597864,2025-03-17 08:47:18.873558,2025-03-17 08:47:18.890933,0 days 00:00:00.017375,0.032179596530216376,11,30,500,48,PRUNED
37,66666.62590497763,2025-03-17 08:47:18.891031,2025-03-17 08:47:18.905006,0 days 00:00:00.013975,0.07970832232792274,8,33,200,21,PRUNED
38,27924.47531855847,2025-03-17 08:47:18.905104,2025-03-17 08:47:19.828802,0 days 00:00:00.923698,0.24124052153577594,12,12,1000,55,PRUNED
39,28592.604287747534,2025-03-17 08:47:19.828997,2025-03-17 08:47:20.065238,0 days 00:00:00.236241,0.1241656406851661,9,27,100,49,PRUNED
40,67222.40010416378,2025-03-17 08:47:20.065380,2025-03-17 08:47:20.085933,0 days 00:00:00.020553,0.06989903282842588,14,24,800,82,PRUNED
41,28585.358158888448,2025-03-17 08:47:20.086030,2025-03-17 08:47:20.167723,0 days 00:00:00.081693,0.1617887421143977,4,31,400,39,PRUNED
42,68424.06279168781,2025-03-17 08:47:20.167865,2025-03-17 08:47:20.182437,0 days 00:00:00.014572,0.05057330160205998,4,34,600,61,PRUNED
43,66913.90631899728,2025-03-17 08:47:20.182543,2025-03-17 08:47:20.195293,0 days 00:00:00.012750,0.0842593636635268,3,36,300,51,PRUNED
44,28910.122631270933,2025-03-17 08:47:20.195380,2025-03-17 08:47:20.294116,0 days 00:00:00.098736,0.29658761463299993,6,28,400,45,PRUNED
45,27392.335501024125,2025-03-17 08:47:20.294288,2025-03-17 08:47:21.032166,0 days 00:00:00.737878,0.13496339658335355,5,18,500,58,PRUNED
46,28629.238004166004,2025-03-17 08:47:21.032412,2025-03-17 08:47:21.241260,0 days 00:00:00.208848,0.20005762690890302,13,38,100,32,PRUNED
47,60380.25458228157,2025-03-17 08:47:21.241401,2025-03-17 08:47:21.262967,0 days 00:00:00.021566,0.11349548789532035,15,41,800,39,PRUNED
48,69908.41454162136,2025-03-17 08:47:21.263062,2025-03-17 08:47:21.286728,0 days 00:00:00.023666,0.024347130183982216,7,11,700,90,PRUNED
49,66370.89716821794,2025-03-17 08:47:21.286831,2025-03-17 08:47:21.299706,0 days 00:00:00.012875,0.09248626973502204,3,35,600,25,PRUNED
